controllers.places - ERROR - Error in get_places_by_query: Expecting value: line 1 column 1 (char 0)
lore HTTP/1.1[0m" 404 -
werkzeug - INFO -  * Detected change in 'C:\\Users\\ahada\\OneDrive - WatchGuard Technologies Inc\\Maps-API-Project\\frontend\\main.py', reloading
werkzeug - INFO -  * Restarting with stat
werkzeug - WARNING -  * Debugger is active!
werkzeug - INFO -  * Debugger PIN: 386-149-047
werkzeug - INFO - 127.0.0.1 - - [18/Sep/2023 15:01:17] "[33mGET /query_search/restaurent%20in%20Bangalore HTTP/1.1[0m" 404 -
controllers.places - ERROR - Error in get_places_by_query: Expecting value: line 1 column 1 (char 0)
werkzeug - INFO -  * Detected change in 'C:\\Users\\ahada\\OneDrive - WatchGuard Technologies Inc\\Maps-API-Project\\frontend\\main.py', reloading
werkzeug - INFO -  * Restarting with stat
werkzeug - WARNING -  * Debugger is active!
werkzeug - INFO -  * Debugger PIN: 386-149-047
controllers.places - DEBUG - called get_places_by_query with params: restaurent in Bangalore
urllib3.connectionpool - DEBUG - Starting new HTTP connection (1): 127.0.0.1:5000
werkzeug - INFO - 127.0.0.1 - - [18/Sep/2023 15:01:52] "[33mGET /query_search/restaurent%20in%20Bangalore HTTP/1.1[0m" 404 -
urllib3.connectionpool - DEBUG - http://127.0.0.1:5000 "GET /query_search/restaurent%20in%20Bangalore HTTP/1.1" 404 207
controllers.places - ERROR - Error in get_places_by_query: Expecting value: line 1 column 1 (char 0)
werkzeug - INFO -  * Detected change in 'C:\\Users\\ahada\\OneDrive - WatchGuard Technologies Inc\\Maps-API-Project\\frontend\\controllers\\places.py', reloading
werkzeug - INFO -  * Restarting with stat
werkzeug - WARNING -  * Debugger is active!
werkzeug - INFO -  * Debugger PIN: 386-149-047
controllers.places - DEBUG - called get_places_by_query with params: restaurent in Bangalore
urllib3.connectionpool - DEBUG - Starting new HTTP connection (1): 127.0.0.1:5000
werkzeug - INFO - 127.0.0.1 - - [18/Sep/2023 15:02:34] "GET /search/restaurent%20in%20Bangalore HTTP/1.1" 200 -
urllib3.connectionpool - DEBUG - http://127.0.0.1:5000 "GET /search/restaurent%20in%20Bangalore HTTP/1.1" 200 38055
werkzeug - INFO -  * Detected change in 'C:\\Users\\ahada\\OneDrive - WatchGuard Technologies Inc\\Maps-API-Project\\frontend\\helpers\\entry_menu.py', reloading
werkzeug - INFO -  * Restarting with stat
werkzeug - WARNING -  * Debugger is active!
werkzeug - INFO -  * Debugger PIN: 848-026-113
werkzeug - INFO -  * Debugger PIN: 386-149-047
werkzeug - INFO - [31m[1mWARNING: This is a development server. Do not use it in a production deployment. Use a production WSGI server instead.[0m
 * Running on http://127.0.0.1:5000
werkzeug - INFO - [33mPress CTRL+C to quit[0m
werkzeug - INFO -  * Restarting with stat
werkzeug - WARNING -  * Debugger is active!
werkzeug - INFO -  * Debugger PIN: 386-149-047
controllers.location - DEBUG - place_autocomplete callled with params: Restaurant in Noida
urllib3.connectionpool - DEBUG - Starting new HTTP connection (1): 127.0.0.1:5000
werkzeug - INFO - 127.0.0.1 - - [18/Sep/2023 15:34:18] "GET /place/Restaurant%20in%20Noida HTTP/1.1" 200 -
urllib3.connectionpool - DEBUG - http://127.0.0.1:5000 "GET /place/Restaurant%20in%20Noida HTTP/1.1" 200 7879
werkzeug - INFO -  * Detected change in 'C:\\Users\\ahada\\OneDrive - WatchGuard Technologies Inc\\Maps-API-Project\\frontend\\helpers\\entry_menu.py', reloading
werkzeug - INFO -  * Restarting with stat
werkzeug - WARNING -  * Debugger is active!
werkzeug - INFO -  * Debugger PIN: 386-149-047
werkzeug - INFO - [31m[1mWARNING: This is a development server. Do not use it in a production deployment. Use a production WSGI server instead.[0m
 * Running on http://127.0.0.1:5000
werkzeug - INFO - [33mPress CTRL+C to quit[0m
werkzeug - INFO -  * Restarting with stat
werkzeug - WARNING -  * Debugger is active!
werkzeug - INFO -  * Debugger PIN: 848-026-113
werkzeug - INFO - 127.0.0.1 - - [18/Sep/2023 16:07:57] "GET /place/Noida HTTP/1.1" 200 -
werkzeug - INFO -  * Detected change in 'C:\\Programming\\Maps_api_project\\frontend\\helpers\\entry_menu.py', reloading
werkzeug - INFO -  * Restarting with stat
werkzeug - WARNING -  * Debugger is active!
werkzeug - INFO -  * Debugger PIN: 848-026-113
werkzeug - INFO -  * Detected change in 'C:\\Programming\\Maps_api_project\\frontend\\controllers\\location.py', reloading
werkzeug - INFO -  * Restarting with stat
werkzeug - WARNING -  * Debugger is active!
werkzeug - INFO -  * Debugger PIN: 848-026-113
werkzeug - INFO - 127.0.0.1 - - [18/Sep/2023 16:08:58] "GET /place/Noida HTTP/1.1" 200 -
werkzeug - INFO -  * Detected change in 'C:\\Programming\\Maps_api_project\\frontend\\helpers\\entry_menu.py', reloading
werkzeug - INFO -  * Restarting with stat
werkzeug - WARNING -  * Debugger is active!
werkzeug - INFO -  * Debugger PIN: 848-026-113
werkzeug - INFO -  * Detected change in 'C:\\Programming\\Maps_api_project\\frontend\\helpers\\entry_menu.py', reloading
werkzeug - INFO -  * Restarting with stat
werkzeug - WARNING -  * Debugger is active!
werkzeug - INFO -  * Debugger PIN: 848-026-113
werkzeug - INFO - 127.0.0.1 - - [18/Sep/2023 16:23:55] "GET /place/Noida HTTP/1.1" 200 -
werkzeug - INFO -  * Detected change in 'C:\\Programming\\Maps_api_project\\frontend\\helpers\\entry_menu.py', reloading
werkzeug - INFO -  * Restarting with stat
werkzeug - WARNING -  * Debugger is active!
werkzeug - INFO -  * Debugger PIN: 848-026-113
werkzeug - INFO -  * Detected change in 'C:\\Programming\\Maps_api_project\\frontend\\helpers\\entry_menu.py', reloading
werkzeug - INFO -  * Restarting with stat
werkzeug - WARNING -  * Debugger is active!
werkzeug - INFO -  * Debugger PIN: 848-026-113
werkzeug - INFO -  * Detected change in 'C:\\Programming\\Maps_api_project\\frontend\\helpers\\entry_menu.py', reloading
werkzeug - INFO -  * Restarting with stat
werkzeug - WARNING -  * Debugger is active!
werkzeug - INFO -  * Debugger PIN: 848-026-113
werkzeug - INFO -  * Detected change in 'C:\\Programming\\Maps_api_project\\frontend\\helpers\\entry_menu.py', reloading
werkzeug - INFO -  * Restarting with stat
werkzeug - WARNING -  * Debugger is active!
werkzeug - INFO -  * Debugger PIN: 848-026-113
werkzeug - INFO -  * Detected change in 'C:\\Programming\\Maps_api_project\\frontend\\controllers\\places.py', reloading
werkzeug - INFO -  * Restarting with stat
werkzeug - WARNING -  * Debugger is active!
werkzeug - INFO -  * Debugger PIN: 848-026-113
werkzeug - INFO -  * Detected change in 'C:\\Programming\\Maps_api_project\\frontend\\helpers\\entry_menu.py', reloading
werkzeug - INFO -  * Restarting with stat
werkzeug - WARNING -  * Debugger is active!
werkzeug - INFO -  * Debugger PIN: 848-026-113
werkzeug - INFO -  * Detected change in 'C:\\Programming\\Maps_api_project\\frontend\\helpers\\entry_menu.py', reloading
werkzeug - INFO -  * Restarting with stat
werkzeug - WARNING -  * Debugger is active!
werkzeug - INFO -  * Debugger PIN: 848-026-113
werkzeug - INFO -  * Detected change in 'C:\\Programming\\Maps_api_project\\frontend\\helpers\\entry_menu.py', reloading
werkzeug - INFO -  * Restarting with stat
werkzeug - WARNING -  * Debugger is active!
werkzeug - INFO -  * Debugger PIN: 848-026-113
werkzeug - INFO -  * Detected change in 'C:\\Programming\\Maps_api_project\\frontend\\helpers\\entry_menu.py', reloading
werkzeug - INFO -  * Restarting with stat
werkzeug - WARNING -  * Debugger is active!
werkzeug - INFO -  * Debugger PIN: 848-026-113
werkzeug - INFO - 127.0.0.1 - - [18/Sep/2023 16:33:27] "GET /place/Noida HTTP/1.1" 200 -
werkzeug - INFO -  * Detected change in 'C:\\Programming\\Maps_api_project\\frontend\\helpers\\entry_menu.py', reloading
werkzeug - INFO -  * Restarting with stat
werkzeug - WARNING -  * Debugger is active!
werkzeug - INFO -  * Debugger PIN: 848-026-113
werkzeug - INFO - 127.0.0.1 - - [18/Sep/2023 16:33:52] "GET /place/Nodia HTTP/1.1" 200 -
werkzeug - INFO - 127.0.0.1 - - [18/Sep/2023 16:34:59] "GET /place/Noida HTTP/1.1" 200 -
werkzeug - INFO -  * Detected change in 'C:\\Programming\\Maps_api_project\\env_variables.py', reloading
werkzeug - INFO -  * Restarting with stat
werkzeug - WARNING -  * Debugger is active!
werkzeug - INFO -  * Debugger PIN: 848-026-113
werkzeug - INFO -  * Detected change in 'C:\\Programming\\Maps_api_project\\frontend\\helpers\\entry_menu.py', reloading
werkzeug - INFO -  * Restarting with stat
werkzeug - WARNING -  * Debugger is active!
werkzeug - INFO -  * Debugger PIN: 848-026-113
werkzeug - INFO - 127.0.0.1 - - [18/Sep/2023 16:36:27] "GET /place/Noida HTTP/1.1" 200 -
werkzeug - INFO -  * Detected change in 'C:\\Programming\\Maps_api_project\\frontend\\helpers\\entry_menu.py', reloading
werkzeug - INFO -  * Restarting with stat
werkzeug - WARNING -  * Debugger is active!
werkzeug - INFO -  * Debugger PIN: 848-026-113
werkzeug - INFO -  * Detected change in 'C:\\Programming\\Maps_api_project\\frontend\\helpers\\entry_menu.py', reloading
werkzeug - INFO -  * Restarting with stat
werkzeug - WARNING -  * Debugger is active!
werkzeug - INFO -  * Debugger PIN: 848-026-113
werkzeug - INFO - 127.0.0.1 - - [18/Sep/2023 16:38:06] "GET /place/Noida HTTP/1.1" 200 -
werkzeug - INFO -  * Detected change in 'C:\\Programming\\Maps_api_project\\frontend\\helpers\\entry_menu.py', reloading
werkzeug - INFO -  * Restarting with stat
werkzeug - WARNING -  * Debugger is active!
werkzeug - INFO -  * Debugger PIN: 848-026-113
werkzeug - INFO -  * Detected change in 'C:\\Programming\\Maps_api_project\\env_variables.py', reloading
werkzeug - INFO -  * Restarting with stat
werkzeug - WARNING -  * Debugger is active!
werkzeug - INFO -  * Debugger PIN: 848-026-113
